# JRE version: OpenJDK Runtime Environment (8.0_242-b01) (build 1.8.0_242-release-1644-b01)
# Java VM: OpenJDK 64-Bit Server VM (25.242-b01 mixed mode windows-amd64 compressed oops)
Heap:
 PSYoungGen      total 481792K, used 126300K [0x00000000e0000000, 0x0000000100000000, 0x0000000100000000)
  eden space 443904K, 24% used [0x00000000e0000000,0x00000000e68372e8,0x00000000fb180000)
  from space 37888K, 51% used [0x00000000fb180000,0x00000000fc4a0048,0x00000000fd680000)
  to   space 37376K, 0% used [0x00000000fdb80000,0x00000000fdb80000,0x0000000100000000)
 ParOldGen       total 109568K, used 72530K [0x00000000a0000000, 0x00000000a6b00000, 0x00000000e0000000)
  object space 109568K, 66% used [0x00000000a0000000,0x00000000a46d4a88,0x00000000a6b00000)
 Metaspace       used 91892K, capacity 95432K, committed 96512K, reserved 1132544K
  class space    used 11804K, capacity 12517K, committed 12800K, reserved 1048576K
GC Heap History (10 events):
Event: 131.645 GC heap before
{Heap before GC invocations=23 (full 3):
 PSYoungGen      total 498688K, used 498687K [0x00000000e0000000, 0x0000000100000000, 0x0000000100000000)
  eden space 473088K, 100% used [0x00000000e0000000,0x00000000fce00000,0x00000000fce00000)
  from space 25600K, 99% used [0x00000000fce00000,0x00000000fe6fff48,0x00000000fe700000)
  to   space 25600K, 0% used [0x00000000fe700000,0x00000000fe700000,0x0000000100000000)
 ParOldGen       total 109568K, used 67652K [0x00000000a0000000, 0x00000000a6b00000, 0x00000000e0000000)
  object space 109568K, 61% used [0x00000000a0000000,0x00000000a4211388,0x00000000a6b00000)
 Metaspace       used 85936K, capacity 89198K, committed 89472K, reserved 1126400K
  class space    used 11100K, capacity 11792K, committed 11904K, reserved 1048576K
Event: 131.683 GC heap after
Heap after GC invocations=23 (full 3):
 PSYoungGen      total 467968K, used 25577K [0x00000000e0000000, 0x0000000100000000, 0x0000000100000000)
  eden space 442368K, 0% used [0x00000000e0000000,0x00000000e0000000,0x00000000fb000000)
  from space 25600K, 99% used [0x00000000fe700000,0x00000000ffffa570,0x0000000100000000)
  to   space 40960K, 0% used [0x00000000fb000000,0x00000000fb000000,0x00000000fd800000)
 ParOldGen       total 109568K, used 74096K [0x00000000a0000000, 0x00000000a6b00000, 0x00000000e0000000)
  object space 109568K, 67% used [0x00000000a0000000,0x00000000a485c230,0x00000000a6b00000)
 Metaspace       used 85936K, capacity 89198K, committed 89472K, reserved 1126400K
  class space    used 11100K, capacity 11792K, committed 11904K, reserved 1048576K
}
Event: 136.237 GC heap before
{Heap before GC invocations=24 (full 3):
 PSYoungGen      total 467968K, used 467945K [0x00000000e0000000, 0x0000000100000000, 0x0000000100000000)
  eden space 442368K, 100% used [0x00000000e0000000,0x00000000fb000000,0x00000000fb000000)
  from space 25600K, 99% used [0x00000000fe700000,0x00000000ffffa570,0x0000000100000000)
  to   space 40960K, 0% used [0x00000000fb000000,0x00000000fb000000,0x00000000fd800000)
 ParOldGen       total 109568K, used 74096K [0x00000000a0000000, 0x00000000a6b00000, 0x00000000e0000000)
  object space 109568K, 67% used [0x00000000a0000000,0x00000000a485c230,0x00000000a6b00000)
 Metaspace       used 91755K, capacity 95804K, committed 96000K, reserved 1132544K
  class space    used 11895K, capacity 12697K, committed 12800K, reserved 1048576K
Event: 136.278 GC heap after
Heap after GC invocations=24 (full 3):
 PSYoungGen      total 483328K, used 7800K [0x00000000e0000000, 0x0000000100000000, 0x0000000100000000)
  eden space 442368K, 0% used [0x00000000e0000000,0x00000000e0000000,0x00000000fb000000)
  from space 40960K, 19% used [0x00000000fb000000,0x00000000fb79e048,0x00000000fd800000)
  to   space 39424K, 0% used [0x00000000fd980000,0x00000000fd980000,0x0000000100000000)
 ParOldGen       total 109568K, used 94520K [0x00000000a0000000, 0x00000000a6b00000, 0x00000000e0000000)
  object space 109568K, 86% used [0x00000000a0000000,0x00000000a5c4e080,0x00000000a6b00000)
 Metaspace       used 91755K, capacity 95804K, committed 96000K, reserved 1132544K
  class space    used 11895K, capacity 12697K, committed 12800K, reserved 1048576K
}
Event: 136.278 GC heap before
{Heap before GC invocations=25 (full 4):
 PSYoungGen      total 483328K, used 7800K [0x00000000e0000000, 0x0000000100000000, 0x0000000100000000)
  eden space 442368K, 0% used [0x00000000e0000000,0x00000000e0000000,0x00000000fb000000)
  from space 40960K, 19% used [0x00000000fb000000,0x00000000fb79e048,0x00000000fd800000)
  to   space 39424K, 0% used [0x00000000fd980000,0x00000000fd980000,0x0000000100000000)
 ParOldGen       total 109568K, used 94520K [0x00000000a0000000, 0x00000000a6b00000, 0x00000000e0000000)
  object space 109568K, 86% used [0x00000000a0000000,0x00000000a5c4e080,0x00000000a6b00000)
 Metaspace       used 91755K, capacity 95804K, committed 96000K, reserved 1132544K
  class space    used 11895K, capacity 12697K, committed 12800K, reserved 1048576K
Event: 136.662 GC heap after
Heap after GC invocations=25 (full 4):
 PSYoungGen      total 483328K, used 0K [0x00000000e0000000, 0x0000000100000000, 0x0000000100000000)
  eden space 442368K, 0% used [0x00000000e0000000,0x00000000e0000000,0x00000000fb000000)
  from space 40960K, 0% used [0x00000000fb000000,0x00000000fb000000,0x00000000fd800000)
  to   space 39424K, 0% used [0x00000000fd980000,0x00000000fd980000,0x0000000100000000)
 ParOldGen       total 109568K, used 72007K [0x00000000a0000000, 0x00000000a6b00000, 0x00000000e0000000)
  object space 109568K, 65% used [0x00000000a0000000,0x00000000a4651f78,0x00000000a6b00000)
 Metaspace       used 91410K, capacity 94872K, committed 96000K, reserved 1132544K
  class space    used 11776K, capacity 12489K, committed 12800K, reserved 1048576K
}
Event: 138.898 GC heap before
{Heap before GC invocations=26 (full 4):
 PSYoungGen      total 483328K, used 442368K [0x00000000e0000000, 0x0000000100000000, 0x0000000100000000)
  eden space 442368K, 100% used [0x00000000e0000000,0x00000000fb000000,0x00000000fb000000)
  from space 40960K, 0% used [0x00000000fb000000,0x00000000fb000000,0x00000000fd800000)
  to   space 39424K, 0% used [0x00000000fd980000,0x00000000fd980000,0x0000000100000000)
 ParOldGen       total 109568K, used 72519K [0x00000000a0000000, 0x00000000a6b00000, 0x00000000e0000000)
  object space 109568K, 66% used [0x00000000a0000000,0x00000000a46d1ea0,0x00000000a6b00000)
 Metaspace       used 91643K, capacity 95128K, committed 96256K, reserved 1132544K
  class space    used 11783K, capacity 12493K, committed 12800K, reserved 1048576K
Event: 138.916 GC heap after
Heap after GC invocations=26 (full 4):
 PSYoungGen      total 478720K, used 10450K [0x00000000e0000000, 0x00000000ffb80000, 0x0000000100000000)
  eden space 443904K, 0% used [0x00000000e0000000,0x00000000e0000000,0x00000000fb180000)
  from space 34816K, 30% used [0x00000000fd980000,0x00000000fe3b4b50,0x00000000ffb80000)
  to   space 37888K, 0% used [0x00000000fb180000,0x00000000fb180000,0x00000000fd680000)
 ParOldGen       total 109568K, used 72519K [0x00000000a0000000, 0x00000000a6b00000, 0x00000000e0000000)
  object space 109568K, 66% used [0x00000000a0000000,0x00000000a46d1ea0,0x00000000a6b00000)
 Metaspace       used 91643K, capacity 95128K, committed 96256K, reserved 1132544K
  class space    used 11783K, capacity 12493K, committed 12800K, reserved 1048576K
}
Event: 140.717 GC heap before
{Heap before GC invocations=27 (full 4):
 PSYoungGen      total 478720K, used 454354K [0x00000000e0000000, 0x00000000ffb80000, 0x0000000100000000)
  eden space 443904K, 100% used [0x00000000e0000000,0x00000000fb180000,0x00000000fb180000)
  from space 34816K, 30% used [0x00000000fd980000,0x00000000fe3b4b50,0x00000000ffb80000)
  to   space 37888K, 0% used [0x00000000fb180000,0x00000000fb180000,0x00000000fd680000)
 ParOldGen       total 109568K, used 72522K [0x00000000a0000000, 0x00000000a6b00000, 0x00000000e0000000)
  object space 109568K, 66% used [0x00000000a0000000,0x00000000a46d2a88,0x00000000a6b00000)
 Metaspace       used 91873K, capacity 95432K, committed 96512K, reserved 1132544K
  class space    used 11804K, capacity 12517K, committed 12800K, reserved 1048576K
Event: 140.770 GC heap after
Heap after GC invocations=27 (full 4):
 PSYoungGen      total 481792K, used 19584K [0x00000000e0000000, 0x0000000100000000, 0x0000000100000000)
  eden space 443904K, 0% used [0x00000000e0000000,0x00000000e0000000,0x00000000fb180000)
  from space 37888K, 51% used [0x00000000fb180000,0x00000000fc4a0048,0x00000000fd680000)
  to   space 37376K, 0% used [0x00000000fdb80000,0x00000000fdb80000,0x0000000100000000)
 ParOldGen       total 109568K, used 72530K [0x00000000a0000000, 0x00000000a6b00000, 0x00000000e0000000)
  object space 109568K, 66% used [0x00000000a0000000,0x00000000a46d4a88,0x00000000a6b00000)
 Metaspace       used 91873K, capacity 95432K, committed 96512K, reserved 1132544K
  class space    used 11804K, capacity 12517K, committed 12800K, reserved 1048576K
}

