# JRE version: OpenJDK Runtime Environment (8.0_242-b01) (build 1.8.0_242-release-1644-b01)
# Java VM: OpenJDK 64-Bit Server VM (25.242-b01 mixed mode windows-amd64 compressed oops)
Heap:
 PSYoungGen      total 268288K, used 196412K [0x00000000e0000000, 0x00000000f1d80000, 0x0000000100000000)
  eden space 244224K, 77% used [0x00000000e0000000,0x00000000eb9cbc00,0x00000000eee80000)
  from space 24064K, 25% used [0x00000000eee80000,0x00000000ef4835e0,0x00000000f0600000)
  to   space 24064K, 0% used [0x00000000f0600000,0x00000000f0600000,0x00000000f1d80000)
 ParOldGen       total 147456K, used 83661K [0x00000000a0000000, 0x00000000a9000000, 0x00000000e0000000)
  object space 147456K, 56% used [0x00000000a0000000,0x00000000a51b34f8,0x00000000a9000000)
 Metaspace       used 102837K, capacity 106910K, committed 107136K, reserved 1142784K
  class space    used 13047K, capacity 13912K, committed 13952K, reserved 1048576K
GC Heap History (10 events):
Event: 251.834 GC heap before
{Heap before GC invocations=47 (full 4):
 PSYoungGen      total 202240K, used 175616K [0x00000000e0000000, 0x00000000edf00000, 0x0000000100000000)
  eden space 175616K, 100% used [0x00000000e0000000,0x00000000eab80000,0x00000000eab80000)
  from space 26624K, 0% used [0x00000000ec400000,0x00000000ec400000,0x00000000ede00000)
  to   space 25088K, 0% used [0x00000000eab80000,0x00000000eab80000,0x00000000ec400000)
 ParOldGen       total 147456K, used 65915K [0x00000000a0000000, 0x00000000a9000000, 0x00000000e0000000)
  object space 147456K, 44% used [0x00000000a0000000,0x00000000a405ed18,0x00000000a9000000)
 Metaspace       used 101281K, capacity 105102K, committed 105344K, reserved 1140736K
  class space    used 12904K, capacity 13694K, committed 13696K, reserved 1048576K
Event: 251.866 GC heap after
Heap after GC invocations=47 (full 4):
 PSYoungGen      total 200704K, used 13195K [0x00000000e0000000, 0x00000000ef900000, 0x0000000100000000)
  eden space 175616K, 0% used [0x00000000e0000000,0x00000000e0000000,0x00000000eab80000)
  from space 25088K, 52% used [0x00000000eab80000,0x00000000eb862c68,0x00000000ec400000)
  to   space 24064K, 0% used [0x00000000ee180000,0x00000000ee180000,0x00000000ef900000)
 ParOldGen       total 147456K, used 65923K [0x00000000a0000000, 0x00000000a9000000, 0x00000000e0000000)
  object space 147456K, 44% used [0x00000000a0000000,0x00000000a4060d18,0x00000000a9000000)
 Metaspace       used 101281K, capacity 105102K, committed 105344K, reserved 1140736K
  class space    used 12904K, capacity 13694K, committed 13696K, reserved 1048576K
}
Event: 253.231 GC heap before
{Heap before GC invocations=48 (full 4):
 PSYoungGen      total 200704K, used 188811K [0x00000000e0000000, 0x00000000ef900000, 0x0000000100000000)
  eden space 175616K, 100% used [0x00000000e0000000,0x00000000eab80000,0x00000000eab80000)
  from space 25088K, 52% used [0x00000000eab80000,0x00000000eb862c68,0x00000000ec400000)
  to   space 24064K, 0% used [0x00000000ee180000,0x00000000ee180000,0x00000000ef900000)
 ParOldGen       total 147456K, used 65923K [0x00000000a0000000, 0x00000000a9000000, 0x00000000e0000000)
  object space 147456K, 44% used [0x00000000a0000000,0x00000000a4060d18,0x00000000a9000000)
 Metaspace       used 101805K, capacity 105778K, committed 106112K, reserved 1140736K
  class space    used 12991K, capacity 13840K, committed 13952K, reserved 1048576K
Event: 253.261 GC heap after
Heap after GC invocations=48 (full 4):
 PSYoungGen      total 230400K, used 3696K [0x00000000e0000000, 0x00000000efa00000, 0x0000000100000000)
  eden space 206336K, 0% used [0x00000000e0000000,0x00000000e0000000,0x00000000ec980000)
  from space 24064K, 15% used [0x00000000ee180000,0x00000000ee51c010,0x00000000ef900000)
  to   space 24576K, 0% used [0x00000000ec980000,0x00000000ec980000,0x00000000ee180000)
 ParOldGen       total 147456K, used 74824K [0x00000000a0000000, 0x00000000a9000000, 0x00000000e0000000)
  object space 147456K, 50% used [0x00000000a0000000,0x00000000a4912028,0x00000000a9000000)
 Metaspace       used 101805K, capacity 105778K, committed 106112K, reserved 1140736K
  class space    used 12991K, capacity 13840K, committed 13952K, reserved 1048576K
}
Event: 254.250 GC heap before
{Heap before GC invocations=49 (full 4):
 PSYoungGen      total 230400K, used 210014K [0x00000000e0000000, 0x00000000efa00000, 0x0000000100000000)
  eden space 206336K, 99% used [0x00000000e0000000,0x00000000ec97ba18,0x00000000ec980000)
  from space 24064K, 15% used [0x00000000ee180000,0x00000000ee51c010,0x00000000ef900000)
  to   space 24576K, 0% used [0x00000000ec980000,0x00000000ec980000,0x00000000ee180000)
 ParOldGen       total 147456K, used 74824K [0x00000000a0000000, 0x00000000a9000000, 0x00000000e0000000)
  object space 147456K, 50% used [0x00000000a0000000,0x00000000a4912028,0x00000000a9000000)
 Metaspace       used 102288K, capacity 106270K, committed 106624K, reserved 1142784K
  class space    used 13015K, capacity 13854K, committed 13952K, reserved 1048576K
Event: 254.277 GC heap after
Heap after GC invocations=49 (full 4):
 PSYoungGen      total 230912K, used 5536K [0x00000000e0000000, 0x00000000f1e00000, 0x0000000100000000)
  eden space 206336K, 0% used [0x00000000e0000000,0x00000000e0000000,0x00000000ec980000)
  from space 24576K, 22% used [0x00000000ec980000,0x00000000ecee8010,0x00000000ee180000)
  to   space 24576K, 0% used [0x00000000f0600000,0x00000000f0600000,0x00000000f1e00000)
 ParOldGen       total 147456K, used 77016K [0x00000000a0000000, 0x00000000a9000000, 0x00000000e0000000)
  object space 147456K, 52% used [0x00000000a0000000,0x00000000a4b36058,0x00000000a9000000)
 Metaspace       used 102288K, capacity 106270K, committed 106624K, reserved 1142784K
  class space    used 13015K, capacity 13854K, committed 13952K, reserved 1048576K
}
Event: 255.361 GC heap before
{Heap before GC invocations=50 (full 4):
 PSYoungGen      total 230912K, used 211872K [0x00000000e0000000, 0x00000000f1e00000, 0x0000000100000000)
  eden space 206336K, 100% used [0x00000000e0000000,0x00000000ec980000,0x00000000ec980000)
  from space 24576K, 22% used [0x00000000ec980000,0x00000000ecee8010,0x00000000ee180000)
  to   space 24576K, 0% used [0x00000000f0600000,0x00000000f0600000,0x00000000f1e00000)
 ParOldGen       total 147456K, used 77016K [0x00000000a0000000, 0x00000000a9000000, 0x00000000e0000000)
  object space 147456K, 52% used [0x00000000a0000000,0x00000000a4b36058,0x00000000a9000000)
 Metaspace       used 102521K, capacity 106506K, committed 106624K, reserved 1142784K
  class space    used 13022K, capacity 13856K, committed 13952K, reserved 1048576K
Event: 255.398 GC heap after
Heap after GC invocations=50 (full 4):
 PSYoungGen      total 268288K, used 5282K [0x00000000e0000000, 0x00000000f1d80000, 0x0000000100000000)
  eden space 244224K, 0% used [0x00000000e0000000,0x00000000e0000000,0x00000000eee80000)
  from space 24064K, 21% used [0x00000000f0600000,0x00000000f0b289a0,0x00000000f1d80000)
  to   space 24064K, 0% used [0x00000000eee80000,0x00000000eee80000,0x00000000f0600000)
 ParOldGen       total 147456K, used 80595K [0x00000000a0000000, 0x00000000a9000000, 0x00000000e0000000)
  object space 147456K, 54% used [0x00000000a0000000,0x00000000a4eb4cd8,0x00000000a9000000)
 Metaspace       used 102521K, capacity 106506K, committed 106624K, reserved 1142784K
  class space    used 13022K, capacity 13856K, committed 13952K, reserved 1048576K
}
Event: 256.534 GC heap before
{Heap before GC invocations=51 (full 4):
 PSYoungGen      total 268288K, used 249506K [0x00000000e0000000, 0x00000000f1d80000, 0x0000000100000000)
  eden space 244224K, 100% used [0x00000000e0000000,0x00000000eee80000,0x00000000eee80000)
  from space 24064K, 21% used [0x00000000f0600000,0x00000000f0b289a0,0x00000000f1d80000)
  to   space 24064K, 0% used [0x00000000eee80000,0x00000000eee80000,0x00000000f0600000)
 ParOldGen       total 147456K, used 80595K [0x00000000a0000000, 0x00000000a9000000, 0x00000000e0000000)
  object space 147456K, 54% used [0x00000000a0000000,0x00000000a4eb4cd8,0x00000000a9000000)
 Metaspace       used 102741K, capacity 106820K, committed 106880K, reserved 1142784K
  class space    used 13044K, capacity 13907K, committed 13952K, reserved 1048576K
Event: 256.556 GC heap after
Heap after GC invocations=51 (full 4):
 PSYoungGen      total 268288K, used 6157K [0x00000000e0000000, 0x00000000f1d80000, 0x0000000100000000)
  eden space 244224K, 0% used [0x00000000e0000000,0x00000000e0000000,0x00000000eee80000)
  from space 24064K, 25% used [0x00000000eee80000,0x00000000ef4835e0,0x00000000f0600000)
  to   space 24064K, 0% used [0x00000000f0600000,0x00000000f0600000,0x00000000f1d80000)
 ParOldGen       total 147456K, used 83661K [0x00000000a0000000, 0x00000000a9000000, 0x00000000e0000000)
  object space 147456K, 56% used [0x00000000a0000000,0x00000000a51b34f8,0x00000000a9000000)
 Metaspace       used 102741K, capacity 106820K, committed 106880K, reserved 1142784K
  class space    used 13044K, capacity 13907K, committed 13952K, reserved 1048576K
}

